CRITICAL - 2026-07-21 05:09:26 --> ParseError: syntax error, unexpected token "<<"
[Method: GET, Route: client/dashboard]
in APPPATH/Controllers/ClientController.php on line 316.
 1 SYSTEMPATH/Autoloader/Autoloader.php(295): CodeIgniter\Autoloader\Autoloader->includeFile()
 2 SYSTEMPATH/Autoloader/Autoloader.php(271): CodeIgniter\Autoloader\Autoloader->loadInNamespace()
 3 [internal function]: CodeIgniter\Autoloader\Autoloader->loadClass()
 4 SYSTEMPATH/Router/Router.php(792): class_exists()
 5 SYSTEMPATH/Router/Router.php(230): CodeIgniter\Router\Router->processRouteAttributes()
 6 SYSTEMPATH/CodeIgniter.php(829): CodeIgniter\Router\Router->handle()
 7 SYSTEMPATH/CodeIgniter.php(441): CodeIgniter\CodeIgniter->tryToRouteIt()
 8 SYSTEMPATH/CodeIgniter.php(340): CodeIgniter\CodeIgniter->handleRequest()
 9 SYSTEMPATH/Boot.php(417): CodeIgniter\CodeIgniter->run()
10 SYSTEMPATH/Boot.php(68): CodeIgniter\Boot::runCodeIgniter()
11 FCPATH/index.php(59): CodeIgniter\Boot::bootWeb()
12 SYSTEMPATH/rewrite.php(44): require_once('/opt/lampp/htdocs/Operateur-mobile/public/index.php')
CRITICAL - 2026-07-21 05:10:16 --> ParseError: syntax error, unexpected token "<<"
[Method: GET, Route: client/dashboard]
in APPPATH/Controllers/ClientController.php on line 316.
 1 SYSTEMPATH/Autoloader/Autoloader.php(295): CodeIgniter\Autoloader\Autoloader->includeFile()
 2 SYSTEMPATH/Autoloader/Autoloader.php(271): CodeIgniter\Autoloader\Autoloader->loadInNamespace()
 3 [internal function]: CodeIgniter\Autoloader\Autoloader->loadClass()
 4 SYSTEMPATH/Router/Router.php(792): class_exists()
 5 SYSTEMPATH/Router/Router.php(230): CodeIgniter\Router\Router->processRouteAttributes()
 6 SYSTEMPATH/CodeIgniter.php(829): CodeIgniter\Router\Router->handle()
 7 SYSTEMPATH/CodeIgniter.php(441): CodeIgniter\CodeIgniter->tryToRouteIt()
 8 SYSTEMPATH/CodeIgniter.php(340): CodeIgniter\CodeIgniter->handleRequest()
 9 SYSTEMPATH/Boot.php(417): CodeIgniter\CodeIgniter->run()
10 SYSTEMPATH/Boot.php(68): CodeIgniter\Boot::runCodeIgniter()
11 FCPATH/index.php(59): CodeIgniter\Boot::bootWeb()
12 SYSTEMPATH/rewrite.php(44): require_once('/opt/lampp/htdocs/Operateur-mobile/public/index.php')
ERROR - 2026-07-21 05:10:46 --> Unable to prepare statement: no such column: type_reseau
in SYSTEMPATH/Database/SQLite3/Connection.php on line 164.
 1 SYSTEMPATH/Database/SQLite3/Connection.php(164): SQLite3->query()
 2 SYSTEMPATH/Database/BaseConnection.php(910): CodeIgniter\Database\SQLite3\Connection->execute()
 3 SYSTEMPATH/Database/BaseConnection.php(827): CodeIgniter\Database\BaseConnection->simpleQuery()
 4 SYSTEMPATH/Database/BaseBuilder.php(1649): CodeIgniter\Database\BaseConnection->query()
 5 APPPATH/Models/TransactionModel.php(135): CodeIgniter\Database\BaseBuilder->get()
 6 APPPATH/Controllers/Admin/DashboardController.php(14): App\Models\TransactionModel->getGainsParReseau()
 7 SYSTEMPATH/CodeIgniter.php(951): App\Controllers\Admin\DashboardController->index()
 8 SYSTEMPATH/CodeIgniter.php(497): CodeIgniter\CodeIgniter->runController()
 9 SYSTEMPATH/CodeIgniter.php(340): CodeIgniter\CodeIgniter->handleRequest()
10 SYSTEMPATH/Boot.php(417): CodeIgniter\CodeIgniter->run()
11 SYSTEMPATH/Boot.php(68): CodeIgniter\Boot::runCodeIgniter()
12 FCPATH/index.php(59): CodeIgniter\Boot::bootWeb()
13 SYSTEMPATH/rewrite.php(44): require_once('/opt/lampp/htdocs/Operateur-mobile/public/index.php')
CRITICAL - 2026-07-21 05:10:46 --> CodeIgniter\Database\Exceptions\DatabaseException: Unable to prepare statement: no such column: type_reseau
[Method: GET, Route: admin]
in SYSTEMPATH/Database/BaseConnection.php on line 865.
 1 SYSTEMPATH/Database/BaseBuilder.php(1649): CodeIgniter\Database\BaseConnection->query()
 2 APPPATH/Models/TransactionModel.php(135): CodeIgniter\Database\BaseBuilder->get()
 3 APPPATH/Controllers/Admin/DashboardController.php(14): App\Models\TransactionModel->getGainsParReseau()
 4 SYSTEMPATH/CodeIgniter.php(951): App\Controllers\Admin\DashboardController->index()
 5 SYSTEMPATH/CodeIgniter.php(497): CodeIgniter\CodeIgniter->runController()
 6 SYSTEMPATH/CodeIgniter.php(340): CodeIgniter\CodeIgniter->handleRequest()
 7 SYSTEMPATH/Boot.php(417): CodeIgniter\CodeIgniter->run()
 8 SYSTEMPATH/Boot.php(68): CodeIgniter\Boot::runCodeIgniter()
 9 FCPATH/index.php(59): CodeIgniter\Boot::bootWeb()
10 SYSTEMPATH/rewrite.php(44): require_once('/opt/lampp/htdocs/Operateur-mobile/public/index.php')
CRITICAL - 2026-07-21 05:10:46 --> [Caused by] CodeIgniter\Database\Exceptions\DatabaseException: Unable to prepare statement: no such column: type_reseau
in SYSTEMPATH/Database/SQLite3/Connection.php on line 174.
 1 SYSTEMPATH/Database/BaseConnection.php(910): CodeIgniter\Database\SQLite3\Connection->execute()
 2 SYSTEMPATH/Database/BaseConnection.php(827): CodeIgniter\Database\BaseConnection->simpleQuery()
 3 SYSTEMPATH/Database/BaseBuilder.php(1649): CodeIgniter\Database\BaseConnection->query()
 4 APPPATH/Models/TransactionModel.php(135): CodeIgniter\Database\BaseBuilder->get()
 5 APPPATH/Controllers/Admin/DashboardController.php(14): App\Models\TransactionModel->getGainsParReseau()
 6 SYSTEMPATH/CodeIgniter.php(951): App\Controllers\Admin\DashboardController->index()
 7 SYSTEMPATH/CodeIgniter.php(497): CodeIgniter\CodeIgniter->runController()
 8 SYSTEMPATH/CodeIgniter.php(340): CodeIgniter\CodeIgniter->handleRequest()
 9 SYSTEMPATH/Boot.php(417): CodeIgniter\CodeIgniter->run()
10 SYSTEMPATH/Boot.php(68): CodeIgniter\Boot::runCodeIgniter()
11 FCPATH/index.php(59): CodeIgniter\Boot::bootWeb()
12 SYSTEMPATH/rewrite.php(44): require_once('/opt/lampp/htdocs/Operateur-mobile/public/index.php')
CRITICAL - 2026-07-21 05:10:46 --> [Caused by] SQLite3Exception: Unable to prepare statement: no such column: type_reseau
in SYSTEMPATH/Database/SQLite3/Connection.php on line 164.
 1 SYSTEMPATH/Database/SQLite3/Connection.php(164): SQLite3->query()
 2 SYSTEMPATH/Database/BaseConnection.php(910): CodeIgniter\Database\SQLite3\Connection->execute()
 3 SYSTEMPATH/Database/BaseConnection.php(827): CodeIgniter\Database\BaseConnection->simpleQuery()
 4 SYSTEMPATH/Database/BaseBuilder.php(1649): CodeIgniter\Database\BaseConnection->query()
 5 APPPATH/Models/TransactionModel.php(135): CodeIgniter\Database\BaseBuilder->get()
 6 APPPATH/Controllers/Admin/DashboardController.php(14): App\Models\TransactionModel->getGainsParReseau()
 7 SYSTEMPATH/CodeIgniter.php(951): App\Controllers\Admin\DashboardController->index()
 8 SYSTEMPATH/CodeIgniter.php(497): CodeIgniter\CodeIgniter->runController()
 9 SYSTEMPATH/CodeIgniter.php(340): CodeIgniter\CodeIgniter->handleRequest()
10 SYSTEMPATH/Boot.php(417): CodeIgniter\CodeIgniter->run()
11 SYSTEMPATH/Boot.php(68): CodeIgniter\Boot::runCodeIgniter()
12 FCPATH/index.php(59): CodeIgniter\Boot::bootWeb()
13 SYSTEMPATH/rewrite.php(44): require_once('/opt/lampp/htdocs/Operateur-mobile/public/index.php')
ERROR - 2026-07-21 05:10:53 --> Unable to prepare statement: no such column: type_reseau
in SYSTEMPATH/Database/SQLite3/Connection.php on line 164.
 1 SYSTEMPATH/Database/SQLite3/Connection.php(164): SQLite3->query()
 2 SYSTEMPATH/Database/BaseConnection.php(910): CodeIgniter\Database\SQLite3\Connection->execute()
 3 SYSTEMPATH/Database/BaseConnection.php(827): CodeIgniter\Database\BaseConnection->simpleQuery()
 4 SYSTEMPATH/Database/BaseBuilder.php(1649): CodeIgniter\Database\BaseConnection->query()
 5 APPPATH/Models/TransactionModel.php(135): CodeIgniter\Database\BaseBuilder->get()
 6 APPPATH/Controllers/Admin/DashboardController.php(14): App\Models\TransactionModel->getGainsParReseau()
 7 SYSTEMPATH/CodeIgniter.php(951): App\Controllers\Admin\DashboardController->index()
 8 SYSTEMPATH/CodeIgniter.php(497): CodeIgniter\CodeIgniter->runController()
 9 SYSTEMPATH/CodeIgniter.php(340): CodeIgniter\CodeIgniter->handleRequest()
10 SYSTEMPATH/Boot.php(417): CodeIgniter\CodeIgniter->run()
11 SYSTEMPATH/Boot.php(68): CodeIgniter\Boot::runCodeIgniter()
12 FCPATH/index.php(59): CodeIgniter\Boot::bootWeb()
13 SYSTEMPATH/rewrite.php(44): require_once('/opt/lampp/htdocs/Operateur-mobile/public/index.php')
CRITICAL - 2026-07-21 05:10:53 --> CodeIgniter\Database\Exceptions\DatabaseException: Unable to prepare statement: no such column: type_reseau
[Method: GET, Route: admin]
in SYSTEMPATH/Database/BaseConnection.php on line 865.
 1 SYSTEMPATH/Database/BaseBuilder.php(1649): CodeIgniter\Database\BaseConnection->query()
 2 APPPATH/Models/TransactionModel.php(135): CodeIgniter\Database\BaseBuilder->get()
 3 APPPATH/Controllers/Admin/DashboardController.php(14): App\Models\TransactionModel->getGainsParReseau()
 4 SYSTEMPATH/CodeIgniter.php(951): App\Controllers\Admin\DashboardController->index()
 5 SYSTEMPATH/CodeIgniter.php(497): CodeIgniter\CodeIgniter->runController()
 6 SYSTEMPATH/CodeIgniter.php(340): CodeIgniter\CodeIgniter->handleRequest()
 7 SYSTEMPATH/Boot.php(417): CodeIgniter\CodeIgniter->run()
 8 SYSTEMPATH/Boot.php(68): CodeIgniter\Boot::runCodeIgniter()
 9 FCPATH/index.php(59): CodeIgniter\Boot::bootWeb()
10 SYSTEMPATH/rewrite.php(44): require_once('/opt/lampp/htdocs/Operateur-mobile/public/index.php')
CRITICAL - 2026-07-21 05:10:53 --> [Caused by] CodeIgniter\Database\Exceptions\DatabaseException: Unable to prepare statement: no such column: type_reseau
in SYSTEMPATH/Database/SQLite3/Connection.php on line 174.
 1 SYSTEMPATH/Database/BaseConnection.php(910): CodeIgniter\Database\SQLite3\Connection->execute()
 2 SYSTEMPATH/Database/BaseConnection.php(827): CodeIgniter\Database\BaseConnection->simpleQuery()
 3 SYSTEMPATH/Database/BaseBuilder.php(1649): CodeIgniter\Database\BaseConnection->query()
 4 APPPATH/Models/TransactionModel.php(135): CodeIgniter\Database\BaseBuilder->get()
 5 APPPATH/Controllers/Admin/DashboardController.php(14): App\Models\TransactionModel->getGainsParReseau()
 6 SYSTEMPATH/CodeIgniter.php(951): App\Controllers\Admin\DashboardController->index()
 7 SYSTEMPATH/CodeIgniter.php(497): CodeIgniter\CodeIgniter->runController()
 8 SYSTEMPATH/CodeIgniter.php(340): CodeIgniter\CodeIgniter->handleRequest()
 9 SYSTEMPATH/Boot.php(417): CodeIgniter\CodeIgniter->run()
10 SYSTEMPATH/Boot.php(68): CodeIgniter\Boot::runCodeIgniter()
11 FCPATH/index.php(59): CodeIgniter\Boot::bootWeb()
12 SYSTEMPATH/rewrite.php(44): require_once('/opt/lampp/htdocs/Operateur-mobile/public/index.php')
CRITICAL - 2026-07-21 05:10:53 --> [Caused by] SQLite3Exception: Unable to prepare statement: no such column: type_reseau
in SYSTEMPATH/Database/SQLite3/Connection.php on line 164.
 1 SYSTEMPATH/Database/SQLite3/Connection.php(164): SQLite3->query()
 2 SYSTEMPATH/Database/BaseConnection.php(910): CodeIgniter\Database\SQLite3\Connection->execute()
 3 SYSTEMPATH/Database/BaseConnection.php(827): CodeIgniter\Database\BaseConnection->simpleQuery()
 4 SYSTEMPATH/Database/BaseBuilder.php(1649): CodeIgniter\Database\BaseConnection->query()
 5 APPPATH/Models/TransactionModel.php(135): CodeIgniter\Database\BaseBuilder->get()
 6 APPPATH/Controllers/Admin/DashboardController.php(14): App\Models\TransactionModel->getGainsParReseau()
 7 SYSTEMPATH/CodeIgniter.php(951): App\Controllers\Admin\DashboardController->index()
 8 SYSTEMPATH/CodeIgniter.php(497): CodeIgniter\CodeIgniter->runController()
 9 SYSTEMPATH/CodeIgniter.php(340): CodeIgniter\CodeIgniter->handleRequest()
10 SYSTEMPATH/Boot.php(417): CodeIgniter\CodeIgniter->run()
11 SYSTEMPATH/Boot.php(68): CodeIgniter\Boot::runCodeIgniter()
12 FCPATH/index.php(59): CodeIgniter\Boot::bootWeb()
13 SYSTEMPATH/rewrite.php(44): require_once('/opt/lampp/htdocs/Operateur-mobile/public/index.php')
CRITICAL - 2026-07-21 05:11:11 --> ParseError: syntax error, unexpected token "<<"
[Method: GET, Route: client/dashboard]
in APPPATH/Controllers/ClientController.php on line 316.
 1 SYSTEMPATH/Autoloader/Autoloader.php(295): CodeIgniter\Autoloader\Autoloader->includeFile()
 2 SYSTEMPATH/Autoloader/Autoloader.php(271): CodeIgniter\Autoloader\Autoloader->loadInNamespace()
 3 [internal function]: CodeIgniter\Autoloader\Autoloader->loadClass()
 4 SYSTEMPATH/Router/Router.php(792): class_exists()
 5 SYSTEMPATH/Router/Router.php(230): CodeIgniter\Router\Router->processRouteAttributes()
 6 SYSTEMPATH/CodeIgniter.php(829): CodeIgniter\Router\Router->handle()
 7 SYSTEMPATH/CodeIgniter.php(441): CodeIgniter\CodeIgniter->tryToRouteIt()
 8 SYSTEMPATH/CodeIgniter.php(340): CodeIgniter\CodeIgniter->handleRequest()
 9 SYSTEMPATH/Boot.php(417): CodeIgniter\CodeIgniter->run()
10 SYSTEMPATH/Boot.php(68): CodeIgniter\Boot::runCodeIgniter()
11 FCPATH/index.php(59): CodeIgniter\Boot::bootWeb()
12 SYSTEMPATH/rewrite.php(44): require_once('/opt/lampp/htdocs/Operateur-mobile/public/index.php')
CRITICAL - 2026-07-21 05:13:13 --> ParseError: syntax error, unexpected token "<<"
[Method: GET, Route: client/dashboard]
in APPPATH/Controllers/ClientController.php on line 316.
 1 SYSTEMPATH/Autoloader/Autoloader.php(295): CodeIgniter\Autoloader\Autoloader->includeFile()
 2 SYSTEMPATH/Autoloader/Autoloader.php(271): CodeIgniter\Autoloader\Autoloader->loadInNamespace()
 3 [internal function]: CodeIgniter\Autoloader\Autoloader->loadClass()
 4 SYSTEMPATH/Router/Router.php(792): class_exists()
 5 SYSTEMPATH/Router/Router.php(230): CodeIgniter\Router\Router->processRouteAttributes()
 6 SYSTEMPATH/CodeIgniter.php(829): CodeIgniter\Router\Router->handle()
 7 SYSTEMPATH/CodeIgniter.php(441): CodeIgniter\CodeIgniter->tryToRouteIt()
 8 SYSTEMPATH/CodeIgniter.php(340): CodeIgniter\CodeIgniter->handleRequest()
 9 SYSTEMPATH/Boot.php(417): CodeIgniter\CodeIgniter->run()
10 SYSTEMPATH/Boot.php(68): CodeIgniter\Boot::runCodeIgniter()
11 FCPATH/index.php(59): CodeIgniter\Boot::bootWeb()
12 SYSTEMPATH/rewrite.php(44): require_once('/opt/lampp/htdocs/Operateur-mobile/public/index.php')
CRITICAL - 2026-07-21 05:15:50 --> ParseError: syntax error, unexpected token "<<"
[Method: CLI, Route: routes]
in APPPATH/Controllers/ClientController.php on line 316.
 1 SYSTEMPATH/Autoloader/Autoloader.php(295): CodeIgniter\Autoloader\Autoloader->includeFile()
 2 SYSTEMPATH/Autoloader/Autoloader.php(271): CodeIgniter\Autoloader\Autoloader->loadInNamespace()
 3 [internal function]: CodeIgniter\Autoloader\Autoloader->loadClass()
 4 SYSTEMPATH/Router/Router.php(792): class_exists()
 5 SYSTEMPATH/Router/Router.php(230): CodeIgniter\Router\Router->processRouteAttributes()
 6 SYSTEMPATH/Commands/Utilities/Routes/FilterFinder.php(41): CodeIgniter\Router\Router->handle()
 7 SYSTEMPATH/Commands/Utilities/Routes/FilterFinder.php(57): CodeIgniter\Commands\Utilities\Routes\FilterFinder->getRouteFilters()
 8 SYSTEMPATH/Commands/Utilities/Routes/FilterCollector.php(78): CodeIgniter\Commands\Utilities\Routes\FilterFinder->find()
 9 SYSTEMPATH/Commands/Utilities/Routes.php(110): CodeIgniter\Commands\Utilities\Routes\FilterCollector->get()
10 SYSTEMPATH/CLI/Commands.php(74): CodeIgniter\Commands\Utilities\Routes->run()
11 SYSTEMPATH/CLI/Console.php(47): CodeIgniter\CLI\Commands->run()
12 SYSTEMPATH/Boot.php(442): CodeIgniter\CLI\Console->run()
13 SYSTEMPATH/Boot.php(166): CodeIgniter\Boot::runCommand()
14 ROOTPATH/spark(87): CodeIgniter\Boot::bootSpark()
CRITICAL - 2026-07-21 05:37:31 --> ErrorException: Undefined array key "icon"
[Method: GET, Route: admin]
in APPPATH/Views/admin/layout.php on line 42.
 1 APPPATH/Views/admin/layout.php(42): CodeIgniter\Debug\Exceptions->errorHandler()
 2 SYSTEMPATH/View/View.php(240): include('/home/alexia-reyas/Documents/Operateur-mobile/app/Views/admin/layout.php')
 3 SYSTEMPATH/View/View.php(243): CodeIgniter\View\View->CodeIgniter\View\{closure}()
 4 SYSTEMPATH/Common.php(1250): CodeIgniter\View\View->render()
 5 APPPATH/Controllers/Admin/BaseAdminController.php(18): view()
 6 APPPATH/Controllers/Admin/DashboardController.php(36): App\Controllers\Admin\BaseAdminController->render()
 7 SYSTEMPATH/CodeIgniter.php(951): App\Controllers\Admin\DashboardController->index()
 8 SYSTEMPATH/CodeIgniter.php(497): CodeIgniter\CodeIgniter->runController()
 9 SYSTEMPATH/CodeIgniter.php(340): CodeIgniter\CodeIgniter->handleRequest()
10 SYSTEMPATH/Boot.php(417): CodeIgniter\CodeIgniter->run()
11 SYSTEMPATH/Boot.php(68): CodeIgniter\Boot::runCodeIgniter()
12 FCPATH/index.php(59): CodeIgniter\Boot::bootWeb()
13 SYSTEMPATH/rewrite.php(44): require_once('/home/alexia-reyas/Documents/Operateur-mobile/public/index.php')
CRITICAL - 2026-07-21 05:37:32 --> ErrorException: Undefined array key "icon"
[Method: GET, Route: admin]
in APPPATH/Views/admin/layout.php on line 42.
 1 APPPATH/Views/admin/layout.php(42): CodeIgniter\Debug\Exceptions->errorHandler()
 2 SYSTEMPATH/View/View.php(240): include('/home/alexia-reyas/Documents/Operateur-mobile/app/Views/admin/layout.php')
 3 SYSTEMPATH/View/View.php(243): CodeIgniter\View\View->CodeIgniter\View\{closure}()
 4 SYSTEMPATH/Common.php(1250): CodeIgniter\View\View->render()
 5 APPPATH/Controllers/Admin/BaseAdminController.php(18): view()
 6 APPPATH/Controllers/Admin/DashboardController.php(36): App\Controllers\Admin\BaseAdminController->render()
 7 SYSTEMPATH/CodeIgniter.php(951): App\Controllers\Admin\DashboardController->index()
 8 SYSTEMPATH/CodeIgniter.php(497): CodeIgniter\CodeIgniter->runController()
 9 SYSTEMPATH/CodeIgniter.php(340): CodeIgniter\CodeIgniter->handleRequest()
10 SYSTEMPATH/Boot.php(417): CodeIgniter\CodeIgniter->run()
11 SYSTEMPATH/Boot.php(68): CodeIgniter\Boot::runCodeIgniter()
12 FCPATH/index.php(59): CodeIgniter\Boot::bootWeb()
13 SYSTEMPATH/rewrite.php(44): require_once('/home/alexia-reyas/Documents/Operateur-mobile/public/index.php')
CRITICAL - 2026-07-21 05:40:27 --> ErrorException: Undefined array key "icon"
[Method: GET, Route: admin]
in APPPATH/Views/admin/layout.php on line 42.
 1 APPPATH/Views/admin/layout.php(42): CodeIgniter\Debug\Exceptions->errorHandler()
 2 SYSTEMPATH/View/View.php(240): include('/home/alexia-reyas/Documents/Operateur-mobile/app/Views/admin/layout.php')
 3 SYSTEMPATH/View/View.php(243): CodeIgniter\View\View->CodeIgniter\View\{closure}()
 4 SYSTEMPATH/Common.php(1250): CodeIgniter\View\View->render()
 5 APPPATH/Controllers/Admin/BaseAdminController.php(18): view()
 6 APPPATH/Controllers/Admin/DashboardController.php(36): App\Controllers\Admin\BaseAdminController->render()
 7 SYSTEMPATH/CodeIgniter.php(951): App\Controllers\Admin\DashboardController->index()
 8 SYSTEMPATH/CodeIgniter.php(497): CodeIgniter\CodeIgniter->runController()
 9 SYSTEMPATH/CodeIgniter.php(340): CodeIgniter\CodeIgniter->handleRequest()
10 SYSTEMPATH/Boot.php(417): CodeIgniter\CodeIgniter->run()
11 SYSTEMPATH/Boot.php(68): CodeIgniter\Boot::runCodeIgniter()
12 FCPATH/index.php(59): CodeIgniter\Boot::bootWeb()
13 SYSTEMPATH/rewrite.php(44): require_once('/home/alexia-reyas/Documents/Operateur-mobile/public/index.php')
CRITICAL - 2026-07-21 05:40:31 --> ErrorException: Undefined array key "icon"
[Method: GET, Route: admin]
in APPPATH/Views/admin/layout.php on line 42.
 1 APPPATH/Views/admin/layout.php(42): CodeIgniter\Debug\Exceptions->errorHandler()
 2 SYSTEMPATH/View/View.php(240): include('/home/alexia-reyas/Documents/Operateur-mobile/app/Views/admin/layout.php')
 3 SYSTEMPATH/View/View.php(243): CodeIgniter\View\View->CodeIgniter\View\{closure}()
 4 SYSTEMPATH/Common.php(1250): CodeIgniter\View\View->render()
 5 APPPATH/Controllers/Admin/BaseAdminController.php(18): view()
 6 APPPATH/Controllers/Admin/DashboardController.php(36): App\Controllers\Admin\BaseAdminController->render()
 7 SYSTEMPATH/CodeIgniter.php(951): App\Controllers\Admin\DashboardController->index()
 8 SYSTEMPATH/CodeIgniter.php(497): CodeIgniter\CodeIgniter->runController()
 9 SYSTEMPATH/CodeIgniter.php(340): CodeIgniter\CodeIgniter->handleRequest()
10 SYSTEMPATH/Boot.php(417): CodeIgniter\CodeIgniter->run()
11 SYSTEMPATH/Boot.php(68): CodeIgniter\Boot::runCodeIgniter()
12 FCPATH/index.php(59): CodeIgniter\Boot::bootWeb()
13 SYSTEMPATH/rewrite.php(44): require_once('/home/alexia-reyas/Documents/Operateur-mobile/public/index.php')
CRITICAL - 2026-07-21 05:40:31 --> ErrorException: Undefined array key "icon"
[Method: GET, Route: admin]
in APPPATH/Views/admin/layout.php on line 42.
 1 APPPATH/Views/admin/layout.php(42): CodeIgniter\Debug\Exceptions->errorHandler()
 2 SYSTEMPATH/View/View.php(240): include('/home/alexia-reyas/Documents/Operateur-mobile/app/Views/admin/layout.php')
 3 SYSTEMPATH/View/View.php(243): CodeIgniter\View\View->CodeIgniter\View\{closure}()
 4 SYSTEMPATH/Common.php(1250): CodeIgniter\View\View->render()
 5 APPPATH/Controllers/Admin/BaseAdminController.php(18): view()
 6 APPPATH/Controllers/Admin/DashboardController.php(36): App\Controllers\Admin\BaseAdminController->render()
 7 SYSTEMPATH/CodeIgniter.php(951): App\Controllers\Admin\DashboardController->index()
 8 SYSTEMPATH/CodeIgniter.php(497): CodeIgniter\CodeIgniter->runController()
 9 SYSTEMPATH/CodeIgniter.php(340): CodeIgniter\CodeIgniter->handleRequest()
10 SYSTEMPATH/Boot.php(417): CodeIgniter\CodeIgniter->run()
11 SYSTEMPATH/Boot.php(68): CodeIgniter\Boot::runCodeIgniter()
12 FCPATH/index.php(59): CodeIgniter\Boot::bootWeb()
13 SYSTEMPATH/rewrite.php(44): require_once('/home/alexia-reyas/Documents/Operateur-mobile/public/index.php')
CRITICAL - 2026-07-21 05:40:31 --> ErrorException: Undefined array key "icon"
[Method: GET, Route: admin]
in APPPATH/Views/admin/layout.php on line 42.
 1 APPPATH/Views/admin/layout.php(42): CodeIgniter\Debug\Exceptions->errorHandler()
 2 SYSTEMPATH/View/View.php(240): include('/home/alexia-reyas/Documents/Operateur-mobile/app/Views/admin/layout.php')
 3 SYSTEMPATH/View/View.php(243): CodeIgniter\View\View->CodeIgniter\View\{closure}()
 4 SYSTEMPATH/Common.php(1250): CodeIgniter\View\View->render()
 5 APPPATH/Controllers/Admin/BaseAdminController.php(18): view()
 6 APPPATH/Controllers/Admin/DashboardController.php(36): App\Controllers\Admin\BaseAdminController->render()
 7 SYSTEMPATH/CodeIgniter.php(951): App\Controllers\Admin\DashboardController->index()
 8 SYSTEMPATH/CodeIgniter.php(497): CodeIgniter\CodeIgniter->runController()
 9 SYSTEMPATH/CodeIgniter.php(340): CodeIgniter\CodeIgniter->handleRequest()
10 SYSTEMPATH/Boot.php(417): CodeIgniter\CodeIgniter->run()
11 SYSTEMPATH/Boot.php(68): CodeIgniter\Boot::runCodeIgniter()
12 FCPATH/index.php(59): CodeIgniter\Boot::bootWeb()
13 SYSTEMPATH/rewrite.php(44): require_once('/home/alexia-reyas/Documents/Operateur-mobile/public/index.php')
CRITICAL - 2026-07-21 05:40:31 --> ErrorException: Undefined array key "icon"
[Method: GET, Route: admin]
in APPPATH/Views/admin/layout.php on line 42.
 1 APPPATH/Views/admin/layout.php(42): CodeIgniter\Debug\Exceptions->errorHandler()
 2 SYSTEMPATH/View/View.php(240): include('/home/alexia-reyas/Documents/Operateur-mobile/app/Views/admin/layout.php')
 3 SYSTEMPATH/View/View.php(243): CodeIgniter\View\View->CodeIgniter\View\{closure}()
 4 SYSTEMPATH/Common.php(1250): CodeIgniter\View\View->render()
 5 APPPATH/Controllers/Admin/BaseAdminController.php(18): view()
 6 APPPATH/Controllers/Admin/DashboardController.php(36): App\Controllers\Admin\BaseAdminController->render()
 7 SYSTEMPATH/CodeIgniter.php(951): App\Controllers\Admin\DashboardController->index()
 8 SYSTEMPATH/CodeIgniter.php(497): CodeIgniter\CodeIgniter->runController()
 9 SYSTEMPATH/CodeIgniter.php(340): CodeIgniter\CodeIgniter->handleRequest()
10 SYSTEMPATH/Boot.php(417): CodeIgniter\CodeIgniter->run()
11 SYSTEMPATH/Boot.php(68): CodeIgniter\Boot::runCodeIgniter()
12 FCPATH/index.php(59): CodeIgniter\Boot::bootWeb()
13 SYSTEMPATH/rewrite.php(44): require_once('/home/alexia-reyas/Documents/Operateur-mobile/public/index.php')
CRITICAL - 2026-07-21 05:40:31 --> ErrorException: Undefined array key "icon"
[Method: GET, Route: admin]
in APPPATH/Views/admin/layout.php on line 42.
 1 APPPATH/Views/admin/layout.php(42): CodeIgniter\Debug\Exceptions->errorHandler()
 2 SYSTEMPATH/View/View.php(240): include('/home/alexia-reyas/Documents/Operateur-mobile/app/Views/admin/layout.php')
 3 SYSTEMPATH/View/View.php(243): CodeIgniter\View\View->CodeIgniter\View\{closure}()
 4 SYSTEMPATH/Common.php(1250): CodeIgniter\View\View->render()
 5 APPPATH/Controllers/Admin/BaseAdminController.php(18): view()
 6 APPPATH/Controllers/Admin/DashboardController.php(36): App\Controllers\Admin\BaseAdminController->render()
 7 SYSTEMPATH/CodeIgniter.php(951): App\Controllers\Admin\DashboardController->index()
 8 SYSTEMPATH/CodeIgniter.php(497): CodeIgniter\CodeIgniter->runController()
 9 SYSTEMPATH/CodeIgniter.php(340): CodeIgniter\CodeIgniter->handleRequest()
10 SYSTEMPATH/Boot.php(417): CodeIgniter\CodeIgniter->run()
11 SYSTEMPATH/Boot.php(68): CodeIgniter\Boot::runCodeIgniter()
12 FCPATH/index.php(59): CodeIgniter\Boot::bootWeb()
13 SYSTEMPATH/rewrite.php(44): require_once('/home/alexia-reyas/Documents/Operateur-mobile/public/index.php')
CRITICAL - 2026-07-21 05:41:22 --> ErrorException: Undefined array key "icon"
[Method: GET, Route: admin]
in APPPATH/Views/admin/layout.php on line 42.
 1 APPPATH/Views/admin/layout.php(42): CodeIgniter\Debug\Exceptions->errorHandler()
 2 SYSTEMPATH/View/View.php(240): include('/home/alexia-reyas/Documents/Operateur-mobile/app/Views/admin/layout.php')
 3 SYSTEMPATH/View/View.php(243): CodeIgniter\View\View->CodeIgniter\View\{closure}()
 4 SYSTEMPATH/Common.php(1250): CodeIgniter\View\View->render()
 5 APPPATH/Controllers/Admin/BaseAdminController.php(18): view()
 6 APPPATH/Controllers/Admin/DashboardController.php(36): App\Controllers\Admin\BaseAdminController->render()
 7 SYSTEMPATH/CodeIgniter.php(951): App\Controllers\Admin\DashboardController->index()
 8 SYSTEMPATH/CodeIgniter.php(497): CodeIgniter\CodeIgniter->runController()
 9 SYSTEMPATH/CodeIgniter.php(340): CodeIgniter\CodeIgniter->handleRequest()
10 SYSTEMPATH/Boot.php(417): CodeIgniter\CodeIgniter->run()
11 SYSTEMPATH/Boot.php(68): CodeIgniter\Boot::runCodeIgniter()
12 FCPATH/index.php(59): CodeIgniter\Boot::bootWeb()
13 SYSTEMPATH/rewrite.php(44): require_once('/home/alexia-reyas/Documents/Operateur-mobile/public/index.php')
CRITICAL - 2026-07-21 05:43:32 --> ErrorException: Undefined array key "icon"
[Method: GET, Route: admin]
in APPPATH/Views/admin/layout.php on line 42.
 1 APPPATH/Views/admin/layout.php(42): CodeIgniter\Debug\Exceptions->errorHandler()
 2 SYSTEMPATH/View/View.php(240): include('/home/alexia-reyas/Documents/Operateur-mobile/app/Views/admin/layout.php')
 3 SYSTEMPATH/View/View.php(243): CodeIgniter\View\View->CodeIgniter\View\{closure}()
 4 SYSTEMPATH/Common.php(1250): CodeIgniter\View\View->render()
 5 APPPATH/Controllers/Admin/BaseAdminController.php(18): view()
 6 APPPATH/Controllers/Admin/DashboardController.php(36): App\Controllers\Admin\BaseAdminController->render()
 7 SYSTEMPATH/CodeIgniter.php(951): App\Controllers\Admin\DashboardController->index()
 8 SYSTEMPATH/CodeIgniter.php(497): CodeIgniter\CodeIgniter->runController()
 9 SYSTEMPATH/CodeIgniter.php(340): CodeIgniter\CodeIgniter->handleRequest()
10 SYSTEMPATH/Boot.php(417): CodeIgniter\CodeIgniter->run()
11 SYSTEMPATH/Boot.php(68): CodeIgniter\Boot::runCodeIgniter()
12 FCPATH/index.php(59): CodeIgniter\Boot::bootWeb()
13 SYSTEMPATH/rewrite.php(44): require_once('/home/alexia-reyas/Documents/Operateur-mobile/public/index.php')
